2022-09-28 13:47:40 INFO::Writing function arguments to log file
2022-09-28 13:47:40 DEBUG::Function arguments
2022-09-28 13:47:40 DEBUG::Output folder: ./case_09282022
2022-09-28 13:47:40 DEBUG::Min Abundance: 0.000000
2022-09-28 13:47:40 DEBUG::Min Prevalence: 0.100000
2022-09-28 13:47:40 DEBUG::Normalization: CLR
2022-09-28 13:47:40 DEBUG::Transform: LOG
2022-09-28 13:47:40 DEBUG::Analysis method: LM
2022-09-28 13:47:40 DEBUG::Max significance: 0.250000
2022-09-28 13:47:40 DEBUG::Random effects: patient,publication
2022-09-28 13:47:40 DEBUG::Fixed effects: case
2022-09-28 13:47:40 DEBUG::Correction method: BH
2022-09-28 13:47:40 DEBUG::Standardize: TRUE
2022-09-28 13:47:40 DEBUG::Cores: 20
2022-09-28 13:47:40 INFO::Verifying options selected are valid
2022-09-28 13:47:40 INFO::Determining format of input files
2022-09-28 13:47:40 INFO::Input format is data samples as rows and metadata samples as rows
2022-09-28 13:47:40 DEBUG::A total of 86 samples were found in both the data and metadata
2022-09-28 13:47:40 DEBUG::Reordering data/metadata to use same sample ordering
2022-09-28 13:47:40 INFO::Formula for random effects: expr ~ (1 | patient) + (1 | publication)
2022-09-28 13:47:40 INFO::Formula for fixed effects: expr ~  case
2022-09-28 13:47:40 INFO::Filter data based on min abundance and min prevalence
2022-09-28 13:47:40 INFO::Total samples in data: 86
2022-09-28 13:47:40 INFO::Min samples required with min abundance for a feature not to be filtered: 8.600000
2022-09-28 13:47:40 INFO::Total filtered features: 0
2022-09-28 13:47:40 INFO::Filtered feature names from abundance and prevalence filtering:
2022-09-28 13:47:40 INFO::Total filtered features with variance filtering: 0
2022-09-28 13:47:40 INFO::Filtered feature names from variance filtering:
2022-09-28 13:47:40 INFO::Running selected normalization method: CLR
2022-09-28 13:47:40 INFO::Applying z-score to standardize continuous metadata
2022-09-28 13:47:40 INFO::Running selected transform method: LOG
2022-09-28 13:47:40 INFO::Running selected analysis method: LM
2022-09-28 13:47:40 INFO::Creating cluster of 20 R processes
2022-09-28 13:49:01 INFO::Counting total values for each feature
2022-09-28 13:49:01 WARNING::Deleting existing residuals file: ./case_09282022/residuals.rds
2022-09-28 13:49:01 INFO::Writing residuals to file ./case_09282022/residuals.rds
2022-09-28 13:49:01 WARNING::Deleting existing fitted file: ./case_09282022/fitted.rds
2022-09-28 13:49:01 INFO::Writing fitted values to file ./case_09282022/fitted.rds
2022-09-28 13:49:01 WARNING::Deleting existing ranef file: ./case_09282022/ranef.rds
2022-09-28 13:49:01 INFO::Writing extracted random effects to file ./case_09282022/ranef.rds
2022-09-28 13:49:01 INFO::Writing all results to file (ordered by increasing q-values): ./case_09282022/all_results.tsv
2022-09-28 13:49:01 INFO::Writing the significant results (those which are less than or equal to the threshold of 0.250000 ) to file (ordered by increasing q-values): ./case_09282022/significant_results.tsv
2022-09-28 13:49:01 INFO::Writing heatmap of significant results to file: ./case_09282022/heatmap.pdf
2022-09-28 13:49:01 INFO::Writing association plots (one for each significant association) to output folder: ./case_09282022
2022-09-28 13:49:01 INFO::Plotting associations from most to least significant, grouped by metadata
2022-09-28 13:49:01 INFO::Plotting data for metadata number 1, case
2022-09-28 13:49:01 INFO::Creating boxplot for categorical data, case vs X1360
2022-09-28 13:49:01 INFO::Creating boxplot for categorical data, case vs X32011
2022-09-28 13:49:01 INFO::Creating boxplot for categorical data, case vs X34072
2022-09-28 13:49:01 INFO::Creating boxplot for categorical data, case vs X93973
2022-09-28 13:49:01 INFO::Creating boxplot for categorical data, case vs X2126319
2022-09-28 13:49:02 INFO::Creating boxplot for categorical data, case vs X338969
2022-09-28 13:49:02 INFO::Creating boxplot for categorical data, case vs X2509614
2022-09-28 13:49:02 INFO::Creating boxplot for categorical data, case vs X402626
2022-09-28 13:49:02 INFO::Creating boxplot for categorical data, case vs X663243
2022-09-28 13:49:02 INFO::Creating boxplot for categorical data, case vs X2696063
2022-09-28 13:49:02 INFO::Creating boxplot for categorical data, case vs X436515
2022-09-28 13:49:02 INFO::Creating boxplot for categorical data, case vs X135727
2022-09-28 13:49:02 INFO::Creating boxplot for categorical data, case vs X2303331
2022-09-28 13:49:02 INFO::Creating boxplot for categorical data, case vs X2603276
2022-09-28 13:49:03 INFO::Creating boxplot for categorical data, case vs X1229205
2022-09-28 13:49:03 INFO::Creating boxplot for categorical data, case vs X853
2022-09-28 13:49:03 INFO::Creating boxplot for categorical data, case vs X1360
2022-09-28 13:49:03 INFO::Creating boxplot for categorical data, case vs X1243
2022-09-28 13:49:03 INFO::Creating boxplot for categorical data, case vs X13689
2022-09-28 13:49:03 INFO::Creating boxplot for categorical data, case vs X766
2022-09-28 13:49:03 INFO::Creating boxplot for categorical data, case vs X624
2022-09-28 13:49:03 INFO::Creating boxplot for categorical data, case vs X2638319
2022-09-28 13:49:03 INFO::Creating boxplot for categorical data, case vs X43662
2022-09-28 13:49:04 INFO::Creating boxplot for categorical data, case vs X54736
2022-09-28 13:49:04 INFO::Creating boxplot for categorical data, case vs X59814
2022-09-28 13:49:04 INFO::Creating boxplot for categorical data, case vs X748678
2022-09-28 13:49:04 INFO::Creating boxplot for categorical data, case vs X1392005
2022-09-28 13:49:04 INFO::Creating boxplot for categorical data, case vs X1812935
2022-09-28 13:49:04 INFO::Creating boxplot for categorical data, case vs X1813871
2022-09-28 13:49:04 INFO::Creating boxplot for categorical data, case vs X2202826
2022-09-28 13:49:04 INFO::Creating boxplot for categorical data, case vs X356322
2022-09-28 13:49:04 INFO::Creating boxplot for categorical data, case vs X742013
2022-09-28 13:49:04 INFO::Creating boxplot for categorical data, case vs X1613
2022-09-28 13:49:05 INFO::Creating boxplot for categorical data, case vs X28188
2022-09-28 13:49:05 INFO::Creating boxplot for categorical data, case vs X1123519
2022-09-28 13:49:05 INFO::Creating boxplot for categorical data, case vs X1246301
2022-09-28 13:49:05 INFO::Creating boxplot for categorical data, case vs X2057025
2022-09-28 13:49:05 INFO::Creating boxplot for categorical data, case vs X2067957
2022-09-28 13:49:05 INFO::Creating boxplot for categorical data, case vs X881260
2022-09-28 13:49:05 INFO::Creating boxplot for categorical data, case vs X1768
2022-09-28 13:49:05 INFO::Creating boxplot for categorical data, case vs X13689
2022-09-28 13:49:05 INFO::Creating boxplot for categorical data, case vs X231049
2022-09-28 13:49:06 INFO::Creating boxplot for categorical data, case vs X946333
2022-09-28 13:49:06 INFO::Creating boxplot for categorical data, case vs X983917
2022-09-28 13:49:06 INFO::Creating boxplot for categorical data, case vs X1219032
2022-09-28 13:49:06 INFO::Creating boxplot for categorical data, case vs X1849491
2022-09-28 13:49:06 INFO::Creating boxplot for categorical data, case vs X2529408
2022-09-28 13:49:06 INFO::Creating boxplot for categorical data, case vs X1661
2022-09-28 13:49:06 INFO::Creating boxplot for categorical data, case vs X159087
2022-09-28 13:49:06 INFO::Creating boxplot for categorical data, case vs X964
2022-09-28 13:49:06 INFO::Creating boxplot for categorical data, case vs X1599
2022-09-28 13:49:07 INFO::Creating boxplot for categorical data, case vs X53335
2022-09-28 13:49:07 INFO::Creating boxplot for categorical data, case vs X908290
2022-09-28 13:49:07 INFO::Creating boxplot for categorical data, case vs X2057025
2022-09-28 13:49:07 INFO::Creating boxplot for categorical data, case vs X1784714
2022-09-28 13:49:07 INFO::Creating boxplot for categorical data, case vs X2587161
2022-09-28 13:49:07 INFO::Creating boxplot for categorical data, case vs X186801
2022-09-28 13:49:07 INFO::Creating boxplot for categorical data, case vs X1844971
2022-09-28 13:49:07 INFO::Creating boxplot for categorical data, case vs X1599
2022-09-28 13:49:07 INFO::Creating boxplot for categorical data, case vs X2664291
2022-09-28 13:49:08 INFO::Creating boxplot for categorical data, case vs X864051
2022-09-28 13:49:08 INFO::Creating boxplot for categorical data, case vs X1292
2022-09-28 13:49:08 INFO::Creating boxplot for categorical data, case vs X1660
2022-09-28 13:49:08 INFO::Creating boxplot for categorical data, case vs X2587161
2022-09-28 13:49:08 INFO::Creating boxplot for categorical data, case vs X2052837
2022-09-28 13:49:08 INFO::Creating boxplot for categorical data, case vs X1349819
2022-09-28 13:49:08 INFO::Creating boxplot for categorical data, case vs X292
2022-09-28 13:49:08 INFO::Creating boxplot for categorical data, case vs X357809
2022-09-28 13:49:08 INFO::Creating boxplot for categorical data, case vs X515620
2022-09-28 13:49:09 INFO::Creating boxplot for categorical data, case vs X742013
2022-09-28 13:49:09 INFO::Creating boxplot for categorical data, case vs X1160717
2022-09-28 13:49:09 INFO::Creating boxplot for categorical data, case vs X2014887
2022-09-28 13:49:09 INFO::Creating boxplot for categorical data, case vs X2666025
2022-09-28 13:49:09 INFO::Creating boxplot for categorical data, case vs X1678128
2022-09-28 13:49:09 INFO::Creating boxplot for categorical data, case vs X413882
2022-09-28 13:49:09 INFO::Creating boxplot for categorical data, case vs X80811
2022-09-28 13:49:09 INFO::Creating boxplot for categorical data, case vs X224471
2022-09-28 13:49:09 INFO::Creating boxplot for categorical data, case vs X669502
2022-09-28 13:49:09 INFO::Creating boxplot for categorical data, case vs X1784714
2022-09-28 13:49:10 INFO::Creating boxplot for categorical data, case vs X669502
2022-09-28 13:49:10 INFO::Creating boxplot for categorical data, case vs X1867719
2022-09-28 13:49:10 INFO::Creating boxplot for categorical data, case vs X31953
2022-09-28 13:49:10 INFO::Creating boxplot for categorical data, case vs X329
2022-09-28 13:49:10 INFO::Creating boxplot for categorical data, case vs X1129771
2022-09-28 13:49:10 INFO::Creating boxplot for categorical data, case vs X1345
2022-09-28 13:49:10 INFO::Creating boxplot for categorical data, case vs X28188
2022-09-28 13:49:10 INFO::Creating boxplot for categorical data, case vs X169427
2022-09-28 13:49:10 INFO::Creating boxplot for categorical data, case vs X2014534
2022-09-28 13:49:11 INFO::Creating boxplot for categorical data, case vs X2594473
2022-09-28 13:49:11 INFO::Creating boxplot for categorical data, case vs X1243
2022-09-28 13:49:11 INFO::Creating boxplot for categorical data, case vs X426355
2022-09-28 13:49:11 INFO::Creating boxplot for categorical data, case vs X13373
2022-09-28 13:49:11 INFO::Creating boxplot for categorical data, case vs X380021
2022-09-28 13:49:11 INFO::Creating boxplot for categorical data, case vs X1852377
2022-09-28 13:49:11 INFO::Creating boxplot for categorical data, case vs X946483
2022-09-28 13:49:11 INFO::Creating boxplot for categorical data, case vs X2014534
2022-09-28 13:49:11 INFO::Creating boxplot for categorical data, case vs X2547399
2022-09-28 13:49:12 INFO::Creating boxplot for categorical data, case vs X338
2022-09-28 13:49:12 INFO::Creating boxplot for categorical data, case vs X592316
2022-09-28 13:49:12 INFO::Creating boxplot for categorical data, case vs X40041
2022-09-28 13:49:12 INFO::Creating boxplot for categorical data, case vs X553
2022-09-28 13:49:12 INFO::Creating boxplot for categorical data, case vs X1661
2022-09-28 13:49:12 INFO::Creating boxplot for categorical data, case vs X51669
2022-09-28 13:49:12 INFO::Creating boxplot for categorical data, case vs X2116657
2022-09-28 13:49:12 INFO::Creating boxplot for categorical data, case vs X2584122
2022-09-28 13:49:12 INFO::Creating boxplot for categorical data, case vs X712633
2022-09-28 13:49:12 INFO::Creating boxplot for categorical data, case vs X637910
2022-09-28 13:49:13 INFO::Creating boxplot for categorical data, case vs X1660158
2022-09-28 13:49:13 INFO::Creating boxplot for categorical data, case vs X2497456
2022-09-28 13:49:13 INFO::Creating boxplot for categorical data, case vs X620
2022-09-28 13:49:13 INFO::Creating boxplot for categorical data, case vs X477641
2022-09-28 13:49:13 INFO::Creating boxplot for categorical data, case vs X29494
2022-09-28 13:49:13 INFO::Creating boxplot for categorical data, case vs X46170
2022-09-28 13:49:13 INFO::Creating boxplot for categorical data, case vs X63
2022-09-28 13:49:13 INFO::Creating boxplot for categorical data, case vs X1357
2022-09-28 13:49:13 INFO::Creating boxplot for categorical data, case vs X186801
2022-09-28 13:49:14 INFO::Creating boxplot for categorical data, case vs X1229205
2022-09-28 13:49:14 INFO::Creating boxplot for categorical data, case vs X1398
2022-09-28 13:49:14 INFO::Creating boxplot for categorical data, case vs X2086577
2022-09-28 13:49:14 INFO::Creating boxplot for categorical data, case vs X72274
2022-09-28 13:49:14 INFO::Creating boxplot for categorical data, case vs X313596
2022-09-28 13:49:14 INFO::Creating boxplot for categorical data, case vs X1609758
2022-09-28 13:49:14 INFO::Creating boxplot for categorical data, case vs X2052837
2022-09-28 13:49:14 INFO::Creating boxplot for categorical data, case vs X2027919
2022-09-28 13:49:14 INFO::Creating boxplot for categorical data, case vs X85015
2022-09-28 13:49:15 INFO::Creating boxplot for categorical data, case vs X106649
2022-09-28 13:49:15 INFO::Creating boxplot for categorical data, case vs X169427
2022-09-28 13:49:15 INFO::Creating boxplot for categorical data, case vs X983917
2022-09-28 13:49:15 INFO::Creating boxplot for categorical data, case vs X213
2022-09-28 13:49:15 INFO::Creating boxplot for categorical data, case vs X365044
