2021-03-30 16:12:57 INFO::Writing function arguments to log file
2021-03-30 16:12:57 DEBUG::Function arguments
2021-03-30 16:12:57 DEBUG::Output folder: ./results/survival
2021-03-30 16:12:57 DEBUG::Min Abundance: 0.000000
2021-03-30 16:12:57 DEBUG::Min Prevalence: 0.000000
2021-03-30 16:12:57 DEBUG::Normalization: CLR
2021-03-30 16:12:57 DEBUG::Transform: NONE
2021-03-30 16:12:57 DEBUG::Analysis method: LM
2021-03-30 16:12:57 DEBUG::Max significance: 0.250000
2021-03-30 16:12:57 DEBUG::Random effects: patient
2021-03-30 16:12:57 DEBUG::Fixed effects: survival
2021-03-30 16:12:57 DEBUG::Correction method: BH
2021-03-30 16:12:57 DEBUG::Standardize: TRUE
2021-03-30 16:12:57 DEBUG::Cores: 8
2021-03-30 16:12:57 INFO::Verifying options selected are valid
2021-03-30 16:12:57 INFO::Determining format of input files
2021-03-30 16:12:57 INFO::Input format is data samples as columns and metadata samples as rows
2021-03-30 16:12:57 DEBUG::Transformed data so samples are rows
2021-03-30 16:12:57 DEBUG::A total of 25 samples were found in both the data and metadata
2021-03-30 16:12:57 DEBUG::Reordering data/metadata to use same sample ordering
2021-03-30 16:12:57 INFO::Formula for random effects: expr ~ (1 | patient)
2021-03-30 16:12:57 INFO::Formula for fixed effects: expr ~  survival
2021-03-30 16:12:57 INFO::Running selected normalization method: CLR
2021-03-30 16:12:57 INFO::Filter data based on min abundance and min prevalence
2021-03-30 16:12:57 INFO::Total samples in data: 25
2021-03-30 16:12:57 INFO::Min samples required with min abundance for a feature not to be filtered: 0.000000
2021-03-30 16:12:57 INFO::Total filtered features: 116
2021-03-30 16:12:57 INFO::Filtered feature names: GO.0000160, GO.0000175, GO.0001172, GO.0001959, GO.0001960, GO.0002682, GO.0002683, GO.0002831, GO.0002832, GO.0003700, GO.0003960, GO.0003968, GO.0004197, GO.0004386, GO.0004672, GO.0004673, GO.0004747, GO.0005515, GO.0006351, GO.0006399, GO.0006464, GO.0006468, GO.0006629, GO.0008168, GO.0008236, GO.0008408, GO.0009966, GO.0009968, GO.0010506, GO.0010508, GO.0010604, GO.0010646, GO.0010648, GO.0010941, GO.0015075, GO.0015318, GO.0016043, GO.0016651, GO.0016655, GO.0016741, GO.0016746, GO.0016775, GO.0016798, GO.0017171, GO.0019082, GO.0019083, GO.0019200, GO.0019843, GO.0022804, GO.0023051, GO.0023057, GO.0031396, GO.0031399, GO.0032101, GO.0032102, GO.0032259, GO.0032268, GO.0034062, GO.0034220, GO.0034660, GO.0035556, GO.0036211, GO.0036459, GO.0039502, GO.0039519, GO.0039520, GO.0039579, GO.0039595, GO.0039644, GO.0039648, GO.0039694, GO.0042802, GO.0043067, GO.0044501, GO.0045088, GO.0045824, GO.0045935, GO.0046835, GO.0048523, GO.0050776, GO.0050777, GO.0051173, GO.0051246, GO.0051254, GO.0051536, GO.0051540, GO.0052027, GO.0052029, GO.0052040, GO.0060338, GO.0060339, GO.0060759, GO.0060761, GO.0061013, GO.0061014, GO.0061024, GO.0061025, GO.0071705, GO.0071840, GO.0075044, GO.0075071, GO.0075109, GO.0075111, GO.0075112, GO.0075114, GO.0097747, GO.0098772, GO.0101005, GO.0140101, GO.0140110, GO.1901605, GO.1901607, GO.1903311, GO.1903313, GO.1903320, GO.1904092
2021-03-30 16:12:57 INFO::Applying z-score to standardize continuous metadata
2021-03-30 16:12:57 INFO::Running selected transform method: NONE
2021-03-30 16:12:57 INFO::Running selected analysis method: LM
2021-03-30 16:12:57 INFO::Creating cluster of 8 R processes
