2022-09-28 15:51:13 INFO::Writing function arguments to log file
2022-09-28 15:51:13 DEBUG::Function arguments
2022-09-28 15:51:13 DEBUG::Output folder: ./terms_vs_case_comp_norm_09282022
2022-09-28 15:51:13 DEBUG::Min Abundance: 0.010000
2022-09-28 15:51:13 DEBUG::Min Prevalence: 0.100000
2022-09-28 15:51:13 DEBUG::Normalization: CLR
2022-09-28 15:51:13 DEBUG::Transform: LOG
2022-09-28 15:51:13 DEBUG::Analysis method: LM
2022-09-28 15:51:13 DEBUG::Max significance: 0.050000
2022-09-28 15:51:13 DEBUG::Random effects: sample_name,publication
2022-09-28 15:51:13 DEBUG::Fixed effects: case
2022-09-28 15:51:13 DEBUG::Correction method: BH
2022-09-28 15:51:13 DEBUG::Standardize: TRUE
2022-09-28 15:51:13 DEBUG::Cores: 20
2022-09-28 15:51:13 INFO::Verifying options selected are valid
2022-09-28 15:51:13 INFO::Determining format of input files
2022-09-28 15:51:13 INFO::Input format is data samples as rows and metadata samples as rows
2022-09-28 15:51:13 DEBUG::A total of 86 samples were found in both the data and metadata
2022-09-28 15:51:13 DEBUG::Reordering data/metadata to use same sample ordering
2022-09-28 15:51:13 WARNING::Feature name not found in metadata so not applied to formula as random effect: sample_name
2022-09-28 15:51:13 INFO::Formula for random effects: expr ~ (1 | publication)
2022-09-28 15:51:13 INFO::Formula for fixed effects: expr ~  case
2022-09-28 15:51:13 INFO::Filter data based on min abundance and min prevalence
2022-09-28 15:51:13 INFO::Total samples in data: 86
2022-09-28 15:51:13 INFO::Min samples required with min abundance for a feature not to be filtered: 8.600000
2022-09-28 15:51:13 INFO::Total filtered features: 0
2022-09-28 15:51:13 INFO::Filtered feature names from abundance and prevalence filtering:
2022-09-28 15:51:13 INFO::Total filtered features with variance filtering: 0
2022-09-28 15:51:13 INFO::Filtered feature names from variance filtering:
2022-09-28 15:51:13 INFO::Running selected normalization method: CLR
2022-09-28 15:51:13 INFO::Applying z-score to standardize continuous metadata
2022-09-28 15:51:13 INFO::Running selected transform method: LOG
2022-09-28 15:51:13 INFO::Running selected analysis method: LM
2022-09-28 15:51:13 INFO::Creating cluster of 20 R processes
2022-09-28 15:52:41 INFO::Counting total values for each feature
2022-09-28 15:52:41 WARNING::Deleting existing residuals file: ./terms_vs_case_comp_norm_09282022/residuals.rds
2022-09-28 15:52:41 INFO::Writing residuals to file ./terms_vs_case_comp_norm_09282022/residuals.rds
2022-09-28 15:52:41 WARNING::Deleting existing fitted file: ./terms_vs_case_comp_norm_09282022/fitted.rds
2022-09-28 15:52:41 INFO::Writing fitted values to file ./terms_vs_case_comp_norm_09282022/fitted.rds
2022-09-28 15:52:41 WARNING::Deleting existing ranef file: ./terms_vs_case_comp_norm_09282022/ranef.rds
2022-09-28 15:52:41 INFO::Writing extracted random effects to file ./terms_vs_case_comp_norm_09282022/ranef.rds
2022-09-28 15:52:41 INFO::Writing all results to file (ordered by increasing q-values): ./terms_vs_case_comp_norm_09282022/all_results.tsv
2022-09-28 15:52:41 INFO::Writing the significant results (those which are less than or equal to the threshold of 0.050000 ) to file (ordered by increasing q-values): ./terms_vs_case_comp_norm_09282022/significant_results.tsv
2022-09-28 15:52:41 INFO::Writing heatmap of significant results to file: ./terms_vs_case_comp_norm_09282022/heatmap.pdf
2022-09-28 15:52:41 INFO::Writing association plots (one for each significant association) to output folder: ./terms_vs_case_comp_norm_09282022
2022-09-28 15:52:41 INFO::Plotting associations from most to least significant, grouped by metadata
2022-09-28 15:52:41 INFO::Plotting data for metadata number 1, case
2022-09-28 15:52:41 INFO::Creating boxplot for categorical data, case vs X1360
2022-09-28 15:52:41 INFO::Creating boxplot for categorical data, case vs X32011
2022-09-28 15:52:42 INFO::Creating boxplot for categorical data, case vs X2126319
2022-09-28 15:52:42 INFO::Creating boxplot for categorical data, case vs X93973
2022-09-28 15:52:42 INFO::Creating boxplot for categorical data, case vs X34072
2022-09-28 15:52:42 INFO::Creating boxplot for categorical data, case vs X436515
2022-09-28 15:52:42 INFO::Creating boxplot for categorical data, case vs X663243
2022-09-28 15:52:42 INFO::Creating boxplot for categorical data, case vs X2303331
2022-09-28 15:52:42 INFO::Creating boxplot for categorical data, case vs X1360
2022-09-28 15:52:42 INFO::Creating boxplot for categorical data, case vs X338969
2022-09-28 15:52:42 INFO::Creating boxplot for categorical data, case vs X2696063
2022-09-28 15:52:43 INFO::Creating boxplot for categorical data, case vs X1813871
2022-09-28 15:52:43 INFO::Creating boxplot for categorical data, case vs X2509614
2022-09-28 15:52:43 INFO::Creating boxplot for categorical data, case vs X624
2022-09-28 15:52:43 INFO::Creating boxplot for categorical data, case vs X1528098
2022-09-28 15:52:43 INFO::Creating boxplot for categorical data, case vs X2529408
2022-09-28 15:52:43 INFO::Creating boxplot for categorical data, case vs X402626
2022-09-28 15:52:43 INFO::Creating boxplot for categorical data, case vs X1246301
2022-09-28 15:52:43 INFO::Creating boxplot for categorical data, case vs X2603276
2022-09-28 15:52:43 INFO::Creating boxplot for categorical data, case vs X742013
2022-09-28 15:52:44 INFO::Creating boxplot for categorical data, case vs X573061
2022-09-28 15:52:44 INFO::Creating boxplot for categorical data, case vs X1229205
2022-09-28 15:52:44 INFO::Creating boxplot for categorical data, case vs X1349819
2022-09-28 15:52:44 INFO::Creating boxplot for categorical data, case vs X1849491
2022-09-28 15:52:44 INFO::Creating boxplot for categorical data, case vs X2067957
2022-09-28 15:52:44 INFO::Creating boxplot for categorical data, case vs X1243
2022-09-28 15:52:44 INFO::Creating boxplot for categorical data, case vs X135727
2022-09-28 15:52:44 INFO::Creating boxplot for categorical data, case vs X2202826
2022-09-28 15:52:45 INFO::Creating boxplot for categorical data, case vs X1812935
2022-09-28 15:52:45 INFO::Creating boxplot for categorical data, case vs X54736
2022-09-28 15:52:45 INFO::Creating boxplot for categorical data, case vs X853
2022-09-28 15:52:45 INFO::Creating boxplot for categorical data, case vs X2664291
2022-09-28 15:52:45 INFO::Creating boxplot for categorical data, case vs X748678
2022-09-28 15:52:45 INFO::Creating boxplot for categorical data, case vs X2638319
2022-09-28 15:52:45 INFO::Creating boxplot for categorical data, case vs X1678128
2022-09-28 15:52:45 INFO::Creating boxplot for categorical data, case vs X13689
2022-09-28 15:52:45 INFO::Creating boxplot for categorical data, case vs X231049
2022-09-28 15:52:46 INFO::Creating boxplot for categorical data, case vs X766
2022-09-28 15:52:46 INFO::Creating boxplot for categorical data, case vs X1660
2022-09-28 15:52:46 INFO::Creating boxplot for categorical data, case vs X28188
2022-09-28 15:52:46 INFO::Creating boxplot for categorical data, case vs X159087
2022-09-28 15:52:46 INFO::Creating boxplot for categorical data, case vs X43662
2022-09-28 15:52:46 INFO::Creating boxplot for categorical data, case vs X1613
2022-09-28 15:52:46 INFO::Creating boxplot for categorical data, case vs X356322
2022-09-28 15:52:46 INFO::Creating boxplot for categorical data, case vs X329
2022-09-28 15:52:46 INFO::Creating boxplot for categorical data, case vs X1123519
2022-09-28 15:52:47 INFO::Creating boxplot for categorical data, case vs X1768
2022-09-28 15:52:47 INFO::Creating boxplot for categorical data, case vs X2057025
2022-09-28 15:52:47 INFO::Creating boxplot for categorical data, case vs X1392005
2022-09-28 15:52:47 INFO::Creating boxplot for categorical data, case vs X881260
2022-09-28 15:52:47 INFO::Creating boxplot for categorical data, case vs X742013
2022-09-28 15:52:47 INFO::Creating boxplot for categorical data, case vs X1219032
2022-09-28 15:52:47 INFO::Creating boxplot for categorical data, case vs X186801
2022-09-28 15:52:47 INFO::Creating boxplot for categorical data, case vs X1528098
2022-09-28 15:52:47 INFO::Creating boxplot for categorical data, case vs X2587161
2022-09-28 15:52:48 INFO::Creating boxplot for categorical data, case vs X1844971
2022-09-28 15:52:48 INFO::Creating boxplot for categorical data, case vs X1599
2022-09-28 15:52:48 INFO::Creating boxplot for categorical data, case vs X46170
2022-09-28 15:52:48 INFO::Creating boxplot for categorical data, case vs X573061
