2022-09-15 13:31:27 INFO::Writing function arguments to log file
2022-09-15 13:31:27 DEBUG::Function arguments
2022-09-15 13:31:27 DEBUG::Output folder: ./case_09152022
2022-09-15 13:31:27 DEBUG::Min Abundance: 0.010000
2022-09-15 13:31:27 DEBUG::Min Prevalence: 0.010000
2022-09-15 13:31:27 DEBUG::Normalization: CLR
2022-09-15 13:31:27 DEBUG::Transform: LOG
2022-09-15 13:31:27 DEBUG::Analysis method: LM
2022-09-15 13:31:27 DEBUG::Max significance: 0.050000
2022-09-15 13:31:27 DEBUG::Random effects: tech_rep,publication
2022-09-15 13:31:27 DEBUG::Fixed effects: case
2022-09-15 13:31:27 DEBUG::Correction method: BH
2022-09-15 13:31:27 DEBUG::Standardize: TRUE
2022-09-15 13:31:27 DEBUG::Cores: 20
2022-09-15 13:31:27 INFO::Verifying options selected are valid
2022-09-15 13:31:27 INFO::Determining format of input files
2022-09-15 13:31:28 INFO::Input format is data samples as rows and metadata samples as rows
2022-09-15 13:31:28 DEBUG::A total of 86 samples were found in both the data and metadata
2022-09-15 13:31:28 DEBUG::Reordering data/metadata to use same sample ordering
2022-09-15 13:31:28 INFO::Formula for random effects: expr ~ (1 | tech_rep) + (1 | publication)
2022-09-15 13:31:28 INFO::Formula for fixed effects: expr ~  case
2022-09-15 13:31:28 INFO::Filter data based on min abundance and min prevalence
2022-09-15 13:31:28 INFO::Total samples in data: 86
2022-09-15 13:31:28 INFO::Min samples required with min abundance for a feature not to be filtered: 0.860000
2022-09-15 13:31:28 INFO::Total filtered features: 0
2022-09-15 13:31:28 INFO::Filtered feature names from abundance and prevalence filtering:
2022-09-15 13:31:28 INFO::Total filtered features with variance filtering: 0
2022-09-15 13:31:28 INFO::Filtered feature names from variance filtering:
2022-09-15 13:31:28 INFO::Running selected normalization method: CLR
2022-09-15 13:31:28 INFO::Applying z-score to standardize continuous metadata
2022-09-15 13:31:28 INFO::Running selected transform method: LOG
2022-09-15 13:31:28 INFO::Running selected analysis method: LM
2022-09-15 13:31:28 INFO::Creating cluster of 20 R processes
2022-09-15 13:32:40 INFO::Counting total values for each feature
2022-09-15 13:32:40 WARNING::Deleting existing residuals file: ./case_09152022/residuals.rds
2022-09-15 13:32:40 INFO::Writing residuals to file ./case_09152022/residuals.rds
2022-09-15 13:32:40 WARNING::Deleting existing fitted file: ./case_09152022/fitted.rds
2022-09-15 13:32:40 INFO::Writing fitted values to file ./case_09152022/fitted.rds
2022-09-15 13:32:40 WARNING::Deleting existing ranef file: ./case_09152022/ranef.rds
2022-09-15 13:32:40 INFO::Writing extracted random effects to file ./case_09152022/ranef.rds
2022-09-15 13:32:40 INFO::Writing all results to file (ordered by increasing q-values): ./case_09152022/all_results.tsv
2022-09-15 13:32:40 INFO::Writing the significant results (those which are less than or equal to the threshold of 0.050000 ) to file (ordered by increasing q-values): ./case_09152022/significant_results.tsv
2022-09-15 13:32:40 INFO::Writing heatmap of significant results to file: ./case_09152022/heatmap.pdf
2022-09-15 13:32:40 INFO::Writing association plots (one for each significant association) to output folder: ./case_09152022
2022-09-15 13:32:40 INFO::Plotting associations from most to least significant, grouped by metadata
2022-09-15 13:32:40 INFO::Plotting data for metadata number 1, case
2022-09-15 13:32:40 INFO::Creating boxplot for categorical data, case vs X1360
2022-09-15 13:32:41 INFO::Creating boxplot for categorical data, case vs X34072
2022-09-15 13:32:41 INFO::Creating boxplot for categorical data, case vs X2126319
2022-09-15 13:32:41 INFO::Creating boxplot for categorical data, case vs X93973
2022-09-15 13:32:41 INFO::Creating boxplot for categorical data, case vs X32011
2022-09-15 13:32:41 INFO::Creating boxplot for categorical data, case vs X338969
2022-09-15 13:32:41 INFO::Creating boxplot for categorical data, case vs X2509614
2022-09-15 13:32:41 INFO::Creating boxplot for categorical data, case vs X402626
2022-09-15 13:32:41 INFO::Creating boxplot for categorical data, case vs X436515
2022-09-15 13:32:42 INFO::Creating boxplot for categorical data, case vs X2696063
2022-09-15 13:32:42 INFO::Creating boxplot for categorical data, case vs X663243
2022-09-15 13:32:42 INFO::Creating boxplot for categorical data, case vs X135727
2022-09-15 13:32:42 INFO::Creating boxplot for categorical data, case vs X1229205
2022-09-15 13:32:42 INFO::Creating boxplot for categorical data, case vs X2303331
2022-09-15 13:32:42 INFO::Creating boxplot for categorical data, case vs X2603276
2022-09-15 13:32:42 INFO::Creating boxplot for categorical data, case vs X1360
2022-09-15 13:32:42 INFO::Creating boxplot for categorical data, case vs X742013
2022-09-15 13:32:42 INFO::Creating boxplot for categorical data, case vs X1243
2022-09-15 13:32:43 INFO::Creating boxplot for categorical data, case vs X13689
2022-09-15 13:32:43 INFO::Creating boxplot for categorical data, case vs X766
2022-09-15 13:32:43 INFO::Creating boxplot for categorical data, case vs X2202826
2022-09-15 13:32:43 INFO::Creating boxplot for categorical data, case vs X624
2022-09-15 13:32:43 INFO::Creating boxplot for categorical data, case vs X853
2022-09-15 13:32:43 INFO::Creating boxplot for categorical data, case vs X2638319
2022-09-15 13:32:43 INFO::Creating boxplot for categorical data, case vs X1123519
